This is pdfTeX, Version 3.14159265-2.6-1.40.16 (MiKTeX 2.9) (preloaded format=pdflatex 2016.1.5)  23 FEB 2018 20:06
entering extended mode
**./ChenZhewei_TaghaviMilad_HuanYanQi.tex
(ChenZhewei_TaghaviMilad_HuanYanQi.tex
LaTeX2e <2015/10/01> patch level 2
Babel <3.9m> and hyphenation patterns for 69 languages loaded.
("C:\Users\Qi\AppData\Local\Programs\MiKTeX 2.9\tex\latex\base\article.cls"
Document Class: article 2014/09/29 v1.4h Standard LaTeX document class
("C:\Users\Qi\AppData\Local\Programs\MiKTeX 2.9\tex\latex\base\size10.clo"
File: size10.clo 2014/09/29 v1.4h Standard LaTeX file (size option)
)
\c@part=\count79
\c@section=\count80
\c@subsection=\count81
\c@subsubsection=\count82
\c@paragraph=\count83
\c@subparagraph=\count84
\c@figure=\count85
\c@table=\count86
\abovecaptionskip=\skip41
\belowcaptionskip=\skip42
\bibindent=\dimen102
)
("C:\Users\Qi\AppData\Local\Programs\MiKTeX 2.9\tex\latex\preprint\fullpage.sty
"
Package: fullpage 1999/02/23 1.1 (PWD)
\FP@margin=\skip43
)
("C:\Users\Qi\AppData\Local\Programs\MiKTeX 2.9\tex\latex\enumitem\enumitem.sty
"
Package: enumitem 2011/09/28 v3.5.2 Customized lists
\enitkv@toks@=\toks14
\labelindent=\skip44
\enit@outerparindent=\dimen103
\enit@toks=\toks15
\enit@inbox=\box26
\enitdp@description=\count87
) ("C:\Users\Qi\AppData\Local\Programs\MiKTeX 2.9\tex\latex\amscls\amsthm.sty"
Package: amsthm 2015/03/04 v2.20.2
\thm@style=\toks16
\thm@bodyfont=\toks17
\thm@headfont=\toks18
\thm@notefont=\toks19
\thm@headpunct=\toks20
\thm@preskip=\skip45
\thm@postskip=\skip46
\thm@headsep=\skip47
\dth@everypar=\toks21
) ("C:\Users\Qi\AppData\Local\Programs\MiKTeX 2.9\tex\latex\amsfonts\amssymb.st
y"
Package: amssymb 2013/01/14 v3.01 AMS font symbols

("C:\Users\Qi\AppData\Local\Programs\MiKTeX 2.9\tex\latex\amsfonts\amsfonts.sty
"
Package: amsfonts 2013/01/14 v3.01 Basic AMSFonts support
\@emptytoks=\toks22
\symAMSa=\mathgroup4
\symAMSb=\mathgroup5
LaTeX Font Info:    Overwriting math alphabet `\mathfrak' in version `bold'
(Font)                  U/euf/m/n --> U/euf/b/n on input line 106.
))
("C:\Users\Qi\AppData\Local\Programs\MiKTeX 2.9\tex\latex\amsmath\amsmath.sty"
Package: amsmath 2013/01/14 v2.14 AMS math features
\@mathmargin=\skip48

For additional information on amsmath, use the `?' option.
("C:\Users\Qi\AppData\Local\Programs\MiKTeX 2.9\tex\latex\amsmath\amstext.sty"
Package: amstext 2000/06/29 v2.01

("C:\Users\Qi\AppData\Local\Programs\MiKTeX 2.9\tex\latex\amsmath\amsgen.sty"
File: amsgen.sty 1999/11/30 v2.0
\@emptytoks=\toks23
\ex@=\dimen104
)) ("C:\Users\Qi\AppData\Local\Programs\MiKTeX 2.9\tex\latex\amsmath\amsbsy.sty
"
Package: amsbsy 1999/11/29 v1.2d
\pmbraise@=\dimen105
) ("C:\Users\Qi\AppData\Local\Programs\MiKTeX 2.9\tex\latex\amsmath\amsopn.sty"
Package: amsopn 1999/12/14 v2.01 operator names
)
\inf@bad=\count88
LaTeX Info: Redefining \frac on input line 210.
\uproot@=\count89
\leftroot@=\count90
LaTeX Info: Redefining \overline on input line 306.
\classnum@=\count91
\DOTSCASE@=\count92
LaTeX Info: Redefining \ldots on input line 378.
LaTeX Info: Redefining \dots on input line 381.
LaTeX Info: Redefining \cdots on input line 466.
\Mathstrutbox@=\box27
\strutbox@=\box28
\big@size=\dimen106
LaTeX Font Info:    Redeclaring font encoding OML on input line 566.
LaTeX Font Info:    Redeclaring font encoding OMS on input line 567.
\macc@depth=\count93
\c@MaxMatrixCols=\count94
\dotsspace@=\muskip10
\c@parentequation=\count95
\dspbrk@lvl=\count96
\tag@help=\toks24
\row@=\count97
\column@=\count98
\maxfields@=\count99
\andhelp@=\toks25
\eqnshift@=\dimen107
\alignsep@=\dimen108
\tagshift@=\dimen109
\tagwidth@=\dimen110
\totwidth@=\dimen111
\lineht@=\dimen112
\@envbody=\toks26
\multlinegap=\skip49
\multlinetaggap=\skip50
\mathdisplay@stack=\toks27
LaTeX Info: Redefining \[ on input line 2665.
LaTeX Info: Redefining \] on input line 2666.
) ("C:\Users\Qi\AppData\Local\Programs\MiKTeX 2.9\tex\latex\siunitx\siunitx.sty
" ("C:\Users\Qi\AppData\Local\Programs\MiKTeX 2.9\tex\latex\l3kernel\expl3.sty"
Package: expl3 2015/12/20 v6326 L3 programming layer (loader) 

("C:\Users\Qi\AppData\Local\Programs\MiKTeX 2.9\tex\latex\l3kernel\expl3-code.t
ex"
Package: expl3 2015/12/20 v6326 L3 programming layer (code)
L3 Module: l3bootstrap 2015/12/15 v6320 L3 Bootstrap code
L3 Module: l3names 2015/11/16 v6276 L3 Namespace for primitives
L3 Module: l3basics 2015/11/22 v6315 L3 Basic definitions
L3 Module: l3expan 2015/09/10 v5983 L3 Argument expansion
L3 Module: l3tl 2015/09/29 v6121 L3 Token lists
L3 Module: l3str 2015/12/20 v6325 L3 Strings
L3 Module: l3seq 2015/08/05 v5777 L3 Sequences and stacks
L3 Module: l3int 2015/09/25 v6089 L3 Integers
\c_max_int=\count100
\l_tmpa_int=\count101
\l_tmpb_int=\count102
\g_tmpa_int=\count103
\g_tmpb_int=\count104
L3 Module: l3quark 2015/08/17 v5855 L3 Quarks
L3 Module: l3prg 2015/11/01 v6216 L3 Control structures
\g__prg_map_int=\count105
L3 Module: l3clist 2015/09/02 v5901 L3 Comma separated lists
L3 Module: l3token 2015/11/11 v6249 L3 Experimental token manipulation
L3 Module: l3prop 2015/08/05 v5777 L3 Property lists
L3 Module: l3msg 2015/09/28 v6113 L3 Messages
L3 Module: l3file 2015/12/03 v6317 L3 File and I/O operations
\l_iow_line_count_int=\count106
\l__iow_target_count_int=\count107
\l__iow_current_line_int=\count108
\l__iow_current_word_int=\count109
\l__iow_current_indentation_int=\count110
L3 Module: l3skip 2015/09/25 v6089 L3 Dimensions and skips
\c_zero_dim=\dimen113
\c_max_dim=\dimen114
\l_tmpa_dim=\dimen115
\l_tmpb_dim=\dimen116
\g_tmpa_dim=\dimen117
\g_tmpb_dim=\dimen118
\c_zero_skip=\skip51
\c_max_skip=\skip52
\l_tmpa_skip=\skip53
\l_tmpb_skip=\skip54
\g_tmpa_skip=\skip55
\g_tmpb_skip=\skip56
\c_zero_muskip=\muskip11
\c_max_muskip=\muskip12
\l_tmpa_muskip=\muskip13
\l_tmpb_muskip=\muskip14
\g_tmpa_muskip=\muskip15
\g_tmpb_muskip=\muskip16
L3 Module: l3keys 2015/11/17 v6284 L3 Key-value interfaces
\g__keyval_level_int=\count111
\l_keys_choice_int=\count112
L3 Module: l3fp 2015/08/25 v5890 L3 Floating points
\c__fp_leading_shift_int=\count113
\c__fp_middle_shift_int=\count114
\c__fp_trailing_shift_int=\count115
\c__fp_big_leading_shift_int=\count116
\c__fp_big_middle_shift_int=\count117
\c__fp_big_trailing_shift_int=\count118
\c__fp_Bigg_leading_shift_int=\count119
\c__fp_Bigg_middle_shift_int=\count120
\c__fp_Bigg_trailing_shift_int=\count121
L3 Module: l3box 2015/08/09 v5822 L3 Experimental boxes
\c_empty_box=\box29
\l_tmpa_box=\box30
\l_tmpb_box=\box31
\g_tmpa_box=\box32
\g_tmpb_box=\box33
L3 Module: l3coffins 2015/08/06 v5789 L3 Coffin code layer
\l__coffin_internal_box=\box34
\l__coffin_internal_dim=\dimen119
\l__coffin_offset_x_dim=\dimen120
\l__coffin_offset_y_dim=\dimen121
\l__coffin_x_dim=\dimen122
\l__coffin_y_dim=\dimen123
\l__coffin_x_prime_dim=\dimen124
\l__coffin_y_prime_dim=\dimen125
\c_empty_coffin=\box35
\l__coffin_aligned_coffin=\box36
\l__coffin_aligned_internal_coffin=\box37
\l_tmpa_coffin=\box38
\l_tmpb_coffin=\box39
\l__coffin_display_coffin=\box40
\l__coffin_display_coord_coffin=\box41
\l__coffin_display_pole_coffin=\box42
\l__coffin_display_offset_dim=\dimen126
\l__coffin_display_x_dim=\dimen127
\l__coffin_display_y_dim=\dimen128
L3 Module: l3color 2014/08/23 v5354 L3 Experimental color support
L3 Module: l3candidates 2015/12/20 v6325 L3 Experimental additions to l3kernel
\l__box_top_dim=\dimen129
\l__box_bottom_dim=\dimen130
\l__box_left_dim=\dimen131
\l__box_right_dim=\dimen132
\l__box_top_new_dim=\dimen133
\l__box_bottom_new_dim=\dimen134
\l__box_left_new_dim=\dimen135
\l__box_right_new_dim=\dimen136
\l__box_internal_box=\box43
\l__coffin_bounding_shift_dim=\dimen137
\l__coffin_left_corner_dim=\dimen138
\l__coffin_right_corner_dim=\dimen139
\l__coffin_bottom_corner_dim=\dimen140
\l__coffin_top_corner_dim=\dimen141
\l__coffin_scaled_total_height_dim=\dimen142
\l__coffin_scaled_width_dim=\dimen143
L3 Module: l3sys 2015/09/25 v6087 L3 Experimental system/runtime functions
L3 Module: l3luatex 2015/11/11 v6250 L3 Experimental LuaTeX-specific functions
)
("C:\Users\Qi\AppData\Local\Programs\MiKTeX 2.9\tex\latex\l3kernel\l3pdfmode.de
f"
File: l3pdfmode.def 2015/11/11 v6250 L3 Experimental driver: PDF mode
\l__driver_color_stack_int=\count122
))
("C:\Users\Qi\AppData\Local\Programs\MiKTeX 2.9\tex\latex\l3packages\xparse\xpa
rse.sty"
Package: xparse 2015/12/20 v6326 L3 Experimental document command parser
\l__xparse_current_arg_int=\count123
\l__xparse_m_args_int=\count124
\l__xparse_mandatory_args_int=\count125
\l__xparse_processor_int=\count126
\l__xparse_v_nesting_int=\count127
)
Package: siunitx 2015/12/31 v2.6n A comprehensive (SI) units package

("C:\Users\Qi\AppData\Local\Programs\MiKTeX 2.9\tex\latex\tools\array.sty"
Package: array 2014/10/28 v2.4c Tabular extension package (FMi)
\col@sep=\dimen144
\extrarowheight=\dimen145
\NC@list=\toks28
\extratabsurround=\skip57
\backup@length=\skip58
)
("C:\Users\Qi\AppData\Local\Programs\MiKTeX 2.9\tex\latex\l3packages\l3keys2e\l
3keys2e.sty"
Package: l3keys2e 2015/12/20 v6326 LaTeX2e option processing using LaTeX3 keys
)
\l__siunitx_tmp_box=\box44
\l__siunitx_tmp_dim=\dimen146
\l__siunitx_tmp_int=\count128
\l__siunitx_number_mantissa_length_int=\count129
\l__siunitx_number_uncert_length_int=\count130
\l__siunitx_round_int=\count131
\l__siunitx_process_decimal_int=\count132
\l__siunitx_process_uncertainty_int=\count133
\l__siunitx_process_fixed_int=\count134
\l__siunitx_process_integer_min_int=\count135
\l__siunitx_process_precision_int=\count136
\l__siunitx_group_min_int=\count137
\l__siunitx_angle_marker_box=\box45
\l__siunitx_angle_unit_box=\box46
\l__siunitx_angle_marker_dim=\dimen147
\l__siunitx_angle_unit_dim=\dimen148
\l__siunitx_unit_int=\count138
\l__siunitx_unit_denominator_int=\count139
\l__siunitx_unit_numerator_int=\count140
\l__siunitx_unit_prefix_int=\count141
\l__siunitx_unit_prefix_base_int=\count142
\l__siunitx_unit_prefix_gram_int=\count143
\l__siunitx_number_product_int=\count144
\c__siunitx_one_fill_skip=\skip59
\l__siunitx_table_unit_align_skip=\skip60
\l__siunitx_table_exponent_dim=\dimen149
\l__siunitx_table_integer_dim=\dimen150
\l__siunitx_table_mantissa_dim=\dimen151
\l__siunitx_table_marker_dim=\dimen152
\l__siunitx_table_result_dim=\dimen153
\l__siunitx_table_uncert_dim=\dimen154
\l__siunitx_table_fill_pre_dim=\dimen155
\l__siunitx_table_fill_post_dim=\dimen156
\l__siunitx_table_fill_mid_dim=\dimen157
\l__siunitx_table_pre_box=\box47
\l__siunitx_table_post_box=\box48
\l__siunitx_table_mantissa_box=\box49
\l__siunitx_table_result_box=\box50
\l__siunitx_table_number_align_skip=\skip61
\l__siunitx_table_text_align_skip=\skip62
.................................................
. LaTeX info: "xparse/define-command"
. 
. Defining command \DeclareBinaryPrefix with sig. 'mmm' on line 7208.
.................................................
.................................................
. LaTeX info: "xparse/define-command"
. 
. Defining command \DeclareSIPostPower with sig. 'mm' on line 7211.
.................................................
.................................................
. LaTeX info: "xparse/define-command"
. 
. Defining command \DeclareSIPrefix with sig. 'mmm' on line 7214.
.................................................
.................................................
. LaTeX info: "xparse/define-command"
. 
. Defining command \DeclareSIPrePower with sig. 'mm' on line 7217.
.................................................
.................................................
. LaTeX info: "xparse/define-command"
. 
. Defining command \DeclareSIQualifier with sig. 'mm' on line 7220.
.................................................
.................................................
. LaTeX info: "xparse/define-command"
. 
. Defining command \DeclareSIUnit with sig. 'O{}mm' on line 7223.
.................................................
.................................................
. LaTeX info: "xparse/define-command"
. 
. Defining command \DeclareSIUnitWithOptions with sig. 'mmm' on line 7226.
.................................................
.................................................
. LaTeX info: "xparse/define-command"
. 
. Defining command \ang with sig. 'o>{\SplitArgument {2}{;}}m' on line 7241.
.................................................
.................................................
. LaTeX info: "xparse/define-command"
. 
. Defining command \num with sig. 'om' on line 7249.
.................................................
.................................................
. LaTeX info: "xparse/define-command"
. 
. Defining command \numlist with sig. 'o>{\SplitList {;}}m' on line 7257.
.................................................
.................................................
. LaTeX info: "xparse/define-command"
. 
. Defining command \numrange with sig. 'omm' on line 7265.
.................................................
.................................................
. LaTeX info: "xparse/define-command"
. 
. Defining command \SIlist with sig. 'o>{\SplitList {;}}mm' on line 7276.
.................................................
.................................................
. LaTeX info: "xparse/define-command"
. 
. Defining command \SIrange with sig. 'ommm' on line 7287.
.................................................
.................................................
. LaTeX info: "xparse/define-command"
. 
. Defining command \SI with sig. 'omom' on line 7298.
.................................................
.................................................
. LaTeX info: "xparse/define-command"
. 
. Defining command \sisetup with sig. 'm' on line 7301.
.................................................
.................................................
. LaTeX info: "xparse/define-command"
. 
. Defining command \tablenum with sig. 'om' on line 7313.
.................................................
.................................................
. LaTeX info: "xparse/define-command"
. 
. Defining command \si with sig. 'om' on line 7324.
.................................................
.................................................
. LaTeX info: "xparse/define-command"
. 
. Defining command \__siunitx_bookmark_num:w with sig. 'om' on line 7371.
.................................................
.................................................
. LaTeX info: "xparse/define-command"
. 
. Defining command \__siunitx_bookmark_numrange:w with sig. 'omm' on line
. 7373.
.................................................
.................................................
. LaTeX info: "xparse/define-command"
. 
. Defining command \__siunitx_bookmark_SI:w with sig. 'omom' on line 7375.
.................................................
.................................................
. LaTeX info: "xparse/define-command"
. 
. Defining command \__siunitx_bookmark_SIlist:w with sig. 'omm' on line 7377.
.................................................
.................................................
. LaTeX info: "xparse/define-command"
. 
. Defining command \__siunitx_bookmark_SIrange:w with sig. 'ommm' on line
. 7379.
.................................................
.................................................
. LaTeX info: "xparse/define-command"
. 
. Defining command \__siunitx_bookmark_si:w with sig. 'om' on line 7380.
.................................................
\g__file_internal_ior=\read1

("C:\Users\Qi\AppData\Local\Programs\MiKTeX 2.9\tex\latex\beamer\base\translato
r\translator.sty"
Package: translator 2010/06/12 ver 1.10

("C:\Users\Qi\AppData\Local\Programs\MiKTeX 2.9\tex\latex\graphics\keyval.sty"
Package: keyval 2014/10/28 v1.15 key=value parser (DPC)
\KV@toks@=\toks29
)
("C:\Users\Qi\AppData\Local\Programs\MiKTeX 2.9\tex\latex\beamer\base\translato
r\translator-language-mappings.tex")))
("C:\Users\Qi\AppData\Local\Programs\MiKTeX 2.9\tex\latex\graphics\graphicx.sty
"
Package: graphicx 2014/10/28 v1.0g Enhanced LaTeX Graphics (DPC,SPQR)

("C:\Users\Qi\AppData\Local\Programs\MiKTeX 2.9\tex\latex\graphics\graphics.sty
"
Package: graphics 2014/10/28 v1.0p Standard LaTeX Graphics (DPC,SPQR)
 ("C:\Users\Qi\AppData\Local\Programs\MiKTeX 2.9\tex\latex\graphics\trig.sty"
Package: trig 1999/03/16 v1.09 sin cos tan (DPC)
) ("C:\Users\Qi\AppData\Local\Programs\MiKTeX 2.9\tex\latex\00miktex\graphics.c
fg"
File: graphics.cfg 2007/01/18 v1.5 graphics configuration of teTeX/TeXLive
)
Package graphics Info: Driver file: pdftex.def on input line 94.

("C:\Users\Qi\AppData\Local\Programs\MiKTeX 2.9\tex\latex\pdftex-def\pdftex.def
"
File: pdftex.def 2011/05/27 v0.06d Graphics/color for pdfTeX

("C:\Users\Qi\AppData\Local\Programs\MiKTeX 2.9\tex\generic\oberdiek\infwarerr.
sty"
Package: infwarerr 2010/04/08 v1.3 Providing info/warning/error messages (HO)
)
("C:\Users\Qi\AppData\Local\Programs\MiKTeX 2.9\tex\generic\oberdiek\ltxcmds.st
y"
Package: ltxcmds 2011/11/09 v1.22 LaTeX kernel commands for general use (HO)
)
\Gread@gobject=\count145
))
\Gin@req@height=\dimen158
\Gin@req@width=\dimen159
) ("C:\Users\Qi\AppData\Local\Programs\MiKTeX 2.9\tex\latex\float\float.sty"
Package: float 2001/11/08 v1.3d Float enhancements (AL)
\c@float@type=\count146
\float@exts=\toks30
\float@box=\box51
\@float@everytoks=\toks31
\@floatcapt=\box52
)
("C:\Users\Qi\AppData\Local\Programs\MiKTeX 2.9\tex\latex\caption\subcaption.st
y"
Package: subcaption 2015/09/15 v1.1-100 Sub-captions (AR)
 ("C:\Users\Qi\AppData\Local\Programs\MiKTeX 2.9\tex\latex\caption\caption.sty"
Package: caption 2015/09/17 v3.3-111 Customizing captions (AR)

("C:\Users\Qi\AppData\Local\Programs\MiKTeX 2.9\tex\latex\caption\caption3.sty"
Package: caption3 2015/09/20 v1.7-115 caption3 kernel (AR)
Package caption3 Info: TeX engine: e-TeX on input line 57.
\captionmargin=\dimen160
\captionmargin@=\dimen161
\captionwidth=\dimen162
\caption@tempdima=\dimen163
\caption@indent=\dimen164
\caption@parindent=\dimen165
\caption@hangindent=\dimen166
)
\c@ContinuedFloat=\count147
Package caption Info: float package is loaded.
)
\c@subfigure=\count148
\c@subtable=\count149
) (ChenZhewei_TaghaviMilad_HuanYanQi.aux)
\openout1 = `ChenZhewei_TaghaviMilad_HuanYanQi.aux'.

LaTeX Font Info:    Checking defaults for OML/cmm/m/it on input line 21.
LaTeX Font Info:    ... okay on input line 21.
LaTeX Font Info:    Checking defaults for T1/cmr/m/n on input line 21.
LaTeX Font Info:    ... okay on input line 21.
LaTeX Font Info:    Checking defaults for OT1/cmr/m/n on input line 21.
LaTeX Font Info:    ... okay on input line 21.
LaTeX Font Info:    Checking defaults for OMS/cmsy/m/n on input line 21.
LaTeX Font Info:    ... okay on input line 21.
LaTeX Font Info:    Checking defaults for OMX/cmex/m/n on input line 21.
LaTeX Font Info:    ... okay on input line 21.
LaTeX Font Info:    Checking defaults for U/cmr/m/n on input line 21.
LaTeX Font Info:    ... okay on input line 21.

("C:\Users\Qi\AppData\Local\Programs\MiKTeX 2.9\tex\latex\beamer\base\translato
r\dicts\translator-basic-dictionary\translator-basic-dictionary-English.dict"
Dictionary: translator-basic-dictionary, Language: English 
)
("C:\Users\Qi\AppData\Local\Programs\MiKTeX 2.9\tex\latex\siunitx\siunitx-abbre
viations.cfg"
File: siunitx-abbreviations.cfg 2015/12/31 v2.6n siunitx: Abbreviated units
)
("C:\Users\Qi\AppData\Local\Programs\MiKTeX 2.9\tex\context\base\supp-pdf.mkii"
[Loading MPS to PDF converter (version 2006.09.02).]
\scratchcounter=\count150
\scratchdimen=\dimen167
\scratchbox=\box53
\nofMPsegments=\count151
\nofMParguments=\count152
\everyMPshowfont=\toks32
\MPscratchCnt=\count153
\MPscratchDim=\dimen168
\MPnumerator=\count154
\makeMPintoPDFobject=\count155
\everyMPtoPDFconversion=\toks33
)
Package caption Info: Begin \AtBeginDocument code.
Package caption Info: End \AtBeginDocument code.
\c__siunitx_mathsf_int=\count156
LaTeX Font Info:    Try loading font information for U+msa on input line 21.
 ("C:\Users\Qi\AppData\Local\Programs\MiKTeX 2.9\tex\latex\amsfonts\umsa.fd"
File: umsa.fd 2013/01/14 v3.01 AMS symbols A
)
LaTeX Font Info:    Try loading font information for U+msb on input line 21.

("C:\Users\Qi\AppData\Local\Programs\MiKTeX 2.9\tex\latex\amsfonts\umsb.fd"
File: umsb.fd 2013/01/14 v3.01 AMS symbols B
)
\c__siunitx_mathtt_int=\count157

<Fig4-1.png, id=1, 433.62pt x 289.08pt>
File: Fig4-1.png Graphic file (type png)
 <use Fig4-1.png>
Package pdftex.def Info: Fig4-1.png used on input line 27.
(pdftex.def)             Requested size: 234.8775pt x 156.58607pt.

<Fig4-2.png, id=3, 575.9919pt x 336.2964pt>
File: Fig4-2.png Graphic file (type png)
 <use Fig4-2.png>
Package pdftex.def Info: Fig4-2.png used on input line 33.
(pdftex.def)             Requested size: 328.82707pt x 191.9937pt.

<Fig4-3.png, id=4, 817.8555pt x 336.2964pt>
File: Fig4-3.png Graphic file (type png)
 <use Fig4-3.png>
Package pdftex.def Info: Fig4-3.png used on input line 39.
(pdftex.def)             Requested size: 375.80544pt x 154.52888pt.
 [1

{C:/Users/Qi/AppData/Local/MiKTeX/2.9/pdftex/config/pdftex.map} <./Fig4-1.png> 
<./Fig4-2.png>]
<Fig4-4-1.png, id=15, 433.62pt x 289.08pt>
File: Fig4-4-1.png Graphic file (type png)
 <use Fig4-4-1.png>
Package pdftex.def Info: Fig4-4-1.png used on input line 47.
(pdftex.def)             Requested size: 140.92793pt x 93.94987pt.

<Fig4-4-2.png, id=16, 433.62pt x 289.08pt>
File: Fig4-4-2.png Graphic file (type png)
 <use Fig4-4-2.png>
Package pdftex.def Info: Fig4-4-2.png used on input line 53.
(pdftex.def)             Requested size: 140.92793pt x 93.94987pt.

<Fig4-4-3.png, id=17, 433.62pt x 289.08pt>
File: Fig4-4-3.png Graphic file (type png)
 <use Fig4-4-3.png>
Package pdftex.def Info: Fig4-4-3.png used on input line 59.
(pdftex.def)             Requested size: 140.92793pt x 93.94987pt.

<Fig4-4-4.png, id=18, 433.62pt x 289.08pt>
File: Fig4-4-4.png Graphic file (type png)
 <use Fig4-4-4.png>
Package pdftex.def Info: Fig4-4-4.png used on input line 67.
(pdftex.def)             Requested size: 234.8775pt x 156.58607pt.

<ScoresRaw.png, id=19, 433.62pt x 289.08pt>
File: ScoresRaw.png Graphic file (type png)
 <use ScoresRaw.png>
Package pdftex.def Info: ScoresRaw.png used on input line 74.
(pdftex.def)             Requested size: 234.8775pt x 156.58607pt.
 [2 <./Fig4-3.png> <./Fig4-4-1.png> <./Fig4-4-2.png> <./Fig4-4-3.png> <./Fig4-4
-4.png>]
<Scores30Raw.png, id=29, 433.62pt x 289.08pt>
File: Scores30Raw.png Graphic file (type png)
 <use Scores30Raw.png>
Package pdftex.def Info: Scores30Raw.png used on input line 81.
(pdftex.def)             Requested size: 234.8775pt x 156.58607pt.

<Scores30Labelled.png, id=30, 433.62pt x 289.08pt>
File: Scores30Labelled.png Graphic file (type png)
 <use Scores30Labelled.png>
Package pdftex.def Info: Scores30Labelled.png used on input line 88.
(pdftex.def)             Requested size: 234.8775pt x 156.58607pt.

[3 <./ScoresRaw.png> <./Scores30Raw.png>]
<Star.png, id=36, 433.62pt x 289.08pt>
File: Star.png Graphic file (type png)
 <use Star.png>
Package pdftex.def Info: Star.png used on input line 95.
(pdftex.def)             Requested size: 328.82707pt x 219.22668pt.

<3Genres.png, id=37, 433.62pt x 289.08pt>
File: 3Genres.png Graphic file (type png)
 <use 3Genres.png>
Package pdftex.def Info: 3Genres.png used on input line 102.
(pdftex.def)             Requested size: 328.82707pt x 219.22668pt.
 [4 <./Scores30Labelled.png> <./Star.png>] <SVDNoBias_RegErr.png, id=43, 433.62
pt x 289.08pt>
File: SVDNoBias_RegErr.png Graphic file (type png)

<use SVDNoBias_RegErr.png>
Package pdftex.def Info: SVDNoBias_RegErr.png used on input line 113.
(pdftex.def)             Requested size: 234.8775pt x 156.58607pt.
 <RatingVsBias.png, id=44, 433.62pt x 289.08pt>
File: RatingVsBias.png Graphic file (type png)

<use RatingVsBias.png>
Package pdftex.def Info: RatingVsBias.png used on input line 121.
(pdftex.def)             Requested size: 328.82707pt x 219.22668pt.
 [5 <./3Genres.png> <./SVDNoBias_RegErr.png>]
<TSNEcluster.png, id=51, 722.7pt x 722.7pt>
File: TSNEcluster.png Graphic file (type png)
 <use TSNEcluster.png>
Package pdftex.def Info: TSNEcluster.png used on input line 128.
(pdftex.def)             Requested size: 328.82707pt x 328.82901pt.
 [6 <./RatingVsBias.png>] <TSNE_PCA_cluster.png, id=56, 722.7pt x 722.7pt>
File: TSNE_PCA_cluster.png Graphic file (type png)

<use TSNE_PCA_cluster.png>
Package pdftex.def Info: TSNE_PCA_cluster.png used on input line 135.
(pdftex.def)             Requested size: 328.82707pt x 328.82901pt.
 [7 <./TSNEcluster.png>] [8 <./TSNE_PCA_cluster.png>] (ChenZhewei_TaghaviMilad_
HuanYanQi.aux) ) 
Here is how much of TeX's memory you used:
 13038 strings out of 493634
 263010 string characters out of 3136464
 267296 words of memory out of 3000000
 16337 multiletter control sequences out of 15000+200000
 14008 words of font info for 56 fonts, out of 3000000 for 9000
 1025 hyphenation exceptions out of 8191
 42i,7n,42p,10433b,523s stack positions out of 5000i,500n,10000p,200000b,50000s
<C:/Users/Qi/AppData/Local/Programs/MiKTeX 2.9/fonts/type1/publ
ic/amsfonts/cm/cmbx12.pfb><C:/Users/Qi/AppData/Local/Programs/MiKTeX 2.9/fonts/
type1/public/amsfonts/cm/cmmi10.pfb><C:/Users/Qi/AppData/Local/Programs/MiKTeX 
2.9/fonts/type1/public/amsfonts/cm/cmr10.pfb><C:/Users/Qi/AppData/Local/Program
s/MiKTeX 2.9/fonts/type1/public/amsfonts/cm/cmr12.pfb><C:/Users/Qi/AppData/Loca
l/Programs/MiKTeX 2.9/fonts/type1/public/amsfonts/cm/cmr17.pfb><C:/Users/Qi/App
Data/Local/Programs/MiKTeX 2.9/fonts/type1/public/amsfonts/cm/cmr9.pfb>
Output written on ChenZhewei_TaghaviMilad_HuanYanQi.pdf (8 pages, 2800800 bytes
).
PDF statistics:
 86 PDF objects out of 1000 (max. 8388607)
 0 named destinations out of 1000 (max. 500000)
 81 words of extra memory for PDF output out of 10000 (max. 10000000)

